<?xml version="1.0" encoding="UTF-8"?>
<!-- Generated by org.testng.reporters.JUnitReportReporter -->
<testsuite hostname="DESKTOP-SAPP1UE" failures="0" tests="1" name="TestNG_Parameterization.Parameterization" time="66.223" errors="0" timestamp="2022-12-10T11:14:06 IST" skipped="0">
  <testcase classname="TestNG_Parameterization.Parameterization" name="LoginTest" time="66.223"/>
  <system-out/>
</testsuite> <!-- TestNG_Parameterization.Parameterization -->
