<?xml version="1.0" encoding="UTF-8"?>
<!-- Generated by org.testng.reporters.JUnitReportReporter -->
<testsuite hostname="DESKTOP-SAPP1UE" failures="0" tests="1" name="Practice.Annotations" time="0.012" errors="0" timestamp="2022-12-05T11:31:04 IST" skipped="0">
  <testcase classname="Practice.Annotations" name="M4" time="0.012"/>
  <system-out/>
</testsuite> <!-- Practice.Annotations -->
