<?xml version="1.0" encoding="UTF-8"?>
<!-- Generated by org.testng.reporters.JUnitReportReporter -->
<testsuite hostname="DESKTOP-SAPP1UE" failures="0" tests="5" name="TestNG_Features.Keyword2" time="86.617" errors="0" timestamp="2022-12-07T14:16:12 IST" skipped="3">
  <testcase classname="TestNG_Features.Keyword2" name="OrangeHRM_LoginPage" time="42.304"/>
  <system-out/>
  <testcase classname="TestNG_Features.Keyword2" name="T1" time="44.313"/>
  <system-out/>
  <testcase classname="TestNG_Features.Keyword2" name="T2">
    <skipped/>
  </testcase> <!-- T2 -->
  <system-out/>
  <testcase classname="TestNG_Features.Keyword2" name="OrangeHRM_Link">
    <skipped/>
  </testcase> <!-- OrangeHRM_Link -->
  <system-out/>
  <testcase classname="TestNG_Features.Keyword2" name="OrangeHRM_Logo">
    <skipped/>
  </testcase> <!-- OrangeHRM_Logo -->
  <system-out/>
</testsuite> <!-- TestNG_Features.Keyword2 -->
