<?xml version="1.0" encoding="UTF-8"?>
<!-- Generated by org.testng.reporters.JUnitReportReporter -->
<testsuite hostname="DESKTOP-SAPP1UE" failures="0" tests="2" name="TestNG_Testcases.Testcase_WithTestNG" time="47.042" errors="0" timestamp="2022-12-04T12:13:04 IST" skipped="0">
  <testcase classname="TestNG_Testcases.Testcase_WithTestNG" name="M2" time="19.466"/>
  <system-out/>
  <testcase classname="TestNG_Testcases.Testcase_WithTestNG" name="M1" time="27.576"/>
  <system-out/>
</testsuite> <!-- TestNG_Testcases.Testcase_WithTestNG -->
