<?xml version="1.0" encoding="UTF-8"?>
<!-- Generated by org.testng.reporters.JUnitReportReporter -->
<testsuite hostname="DESKTOP-SAPP1UE" failures="0" tests="5" name="TestNG_Features.Keyword1" time="230.445" errors="0" timestamp="2022-12-20T10:31:22 IST" skipped="0">
  <testcase classname="TestNG_Features.Keyword1" name="OrangeHRM_LoginPage" time="39.403"/>
  <system-out/>
  <testcase classname="TestNG_Features.Keyword1" name="OrangeHRM_Link" time="42.685"/>
  <system-out/>
  <testcase classname="TestNG_Features.Keyword1" name="OrangeHRM_Logo" time="40.750"/>
  <system-out/>
  <testcase classname="TestNG_Features.Keyword1" name="T2" time="70.911"/>
  <system-out/>
  <testcase classname="TestNG_Features.Keyword1" name="T1" time="36.696"/>
  <system-out/>
</testsuite> <!-- TestNG_Features.Keyword1 -->
