<?xml version="1.0" encoding="UTF-8"?>
<!-- Generated by org.testng.reporters.JUnitReportReporter -->
<testsuite hostname="DESKTOP-SAPP1UE" failures="0" tests="1" name="TestNG_Features.IncludeExcludeTC" time="39.420" errors="0" timestamp="2022-12-08T14:24:54 IST" skipped="0">
  <testcase classname="TestNG_Features.IncludeExcludeTC" name="M1" time="39.420"/>
  <system-out/>
</testsuite> <!-- TestNG_Features.IncludeExcludeTC -->
