<?xml version="1.0" encoding="UTF-8"?>
<!-- Generated by org.testng.reporters.JUnitReportReporter -->
<testsuite hostname="DESKTOP-SAPP1UE" failures="0" tests="1" name="AssignmentNo7.Byjus1" time="191.863" errors="0" timestamp="2022-12-27T12:31:34 IST" skipped="0">
  <testcase classname="AssignmentNo7.Byjus1" name="LoginTest" time="191.863"/>
  <system-out/>
</testsuite> <!-- AssignmentNo7.Byjus1 -->
