<?xml version="1.0" encoding="UTF-8"?>
<!-- Generated by org.testng.reporters.JUnitReportReporter -->
<testsuite hostname="DESKTOP-SAPP1UE" failures="0" tests="1" name="CrossBrowserTestng.CrossBrowser" time="0.870" errors="1" timestamp="2022-12-09T12:03:57 IST" skipped="0">
  <testcase classname="CrossBrowserTestng.CrossBrowser" name="OrangeHRM_Login" time="0.870">
    <error message="Could not start a new session. Possible causes are invalid address of the remote server or browser start-up failure." type="org.openqa.selenium.SessionNotCreatedException">
      <![CDATA[org.openqa.selenium.SessionNotCreatedException: Could not start a new session. Possible causes are invalid address of the remote server or browser start-up failure.
at org.openqa.selenium.remote.RemoteWebDriver.execute(RemoteWebDriver.java:565)
at org.openqa.selenium.remote.RemoteWebDriver.startSession(RemoteWebDriver.java:242)
at org.openqa.selenium.remote.RemoteWebDriver.<init>(RemoteWebDriver.java:157)
at org.openqa.selenium.firefox.FirefoxDriver.<init>(FirefoxDriver.java:110)
at org.openqa.selenium.firefox.FirefoxDriver.<init>(FirefoxDriver.java:98)
at org.openqa.selenium.firefox.FirefoxDriver.<init>(FirefoxDriver.java:94)
at CrossBrowserTestng.CrossBrowser.OrangeHRM_Login(CrossBrowser.java:36)
at java.base/jdk.internal.reflect.NativeMethodAccessorImpl.invoke0(Native Method)
at java.base/jdk.internal.reflect.NativeMethodAccessorImpl.invoke(NativeMethodAccessorImpl.java:77)
at java.base/jdk.internal.reflect.DelegatingMethodAccessorImpl.invoke(DelegatingMethodAccessorImpl.java:43)
at java.base/java.lang.reflect.Method.invoke(Method.java:568)
at org.testng.internal.MethodInvocationHelper.invokeMethod(MethodInvocationHelper.java:133)
at org.testng.internal.TestInvoker.invokeMethod(TestInvoker.java:598)
at org.testng.internal.TestInvoker.invokeTestMethod(TestInvoker.java:173)
at org.testng.internal.MethodRunner.runInSequence(MethodRunner.java:46)
at org.testng.internal.TestInvoker$MethodInvocationAgent.invoke(TestInvoker.java:824)
at org.testng.internal.TestInvoker.invokeTestMethods(TestInvoker.java:146)
at org.testng.internal.TestMethodWorker.invokeTestMethods(TestMethodWorker.java:146)
at org.testng.internal.TestMethodWorker.run(TestMethodWorker.java:128)
at java.base/java.util.ArrayList.forEach(ArrayList.java:1511)
at org.testng.TestRunner.privateRun(TestRunner.java:794)
at org.testng.TestRunner.run(TestRunner.java:596)
at org.testng.SuiteRunner.runTest(SuiteRunner.java:377)
at org.testng.SuiteRunner.runSequentially(SuiteRunner.java:371)
at org.testng.SuiteRunner.privateRun(SuiteRunner.java:332)
at org.testng.SuiteRunner.run(SuiteRunner.java:276)
at org.testng.SuiteRunnerWorker.runSuite(SuiteRunnerWorker.java:53)
at org.testng.SuiteRunnerWorker.run(SuiteRunnerWorker.java:96)
at org.testng.TestNG.runSuitesSequentially(TestNG.java:1212)
at org.testng.TestNG.runSuitesLocally(TestNG.java:1134)
at org.testng.TestNG.runSuites(TestNG.java:1063)
at org.testng.TestNG.run(TestNG.java:1031)
at org.testng.remote.AbstractRemoteTestNG.run(AbstractRemoteTestNG.java:115)
at org.testng.remote.RemoteTestNG.initAndRun(RemoteTestNG.java:251)
at org.testng.remote.RemoteTestNG.main(RemoteTestNG.java:77)
Caused by: org.openqa.selenium.WebDriverException: Driver server process died prematurely.
Build info: version: '4.4.0', revision: 'e5c75ed026a'
System info: host: 'DESKTOP-SAPP1UE', ip: '192.168.43.4', os.name: 'Windows 10', os.arch: 'amd64', os.version: '10.0', java.version: '17.0.2'
Driver info: driver.version: FirefoxDriver
at org.openqa.selenium.remote.service.DriverService.start(DriverService.java:226)
at org.openqa.selenium.remote.service.DriverCommandExecutor.execute(DriverCommandExecutor.java:98)
at org.openqa.selenium.remote.RemoteWebDriver.execute(RemoteWebDriver.java:547)
... 34 more
]]>
    </error>
  </testcase> <!-- OrangeHRM_Login -->
  <system-out/>
</testsuite> <!-- CrossBrowserTestng.CrossBrowser -->
