<?xml version="1.0" encoding="UTF-8"?>
<!-- Generated by org.testng.reporters.JUnitReportReporter -->
<testsuite hostname="DESKTOP-SAPP1UE" failures="0" tests="6" name="TestNG_Features.Keyword5" time="266.670" errors="0" timestamp="2022-12-07T14:16:12 IST" skipped="0">
  <testcase classname="TestNG_Features.Keyword5" name="OrangeHRMLink" time="47.735"/>
  <system-out/>
  <testcase classname="TestNG_Features.Keyword5" name="Test3" time="53.250"/>
  <system-out/>
  <testcase classname="TestNG_Features.Keyword5" name="Test1" time="30.576"/>
  <system-out/>
  <testcase classname="TestNG_Features.Keyword5" name="Test2" time="43.496"/>
  <system-out/>
  <testcase classname="TestNG_Features.Keyword5" name="OrangeHRMTitle" time="40.575"/>
  <system-out/>
  <testcase classname="TestNG_Features.Keyword5" name="OrangeHRMLogo" time="51.038"/>
  <system-out/>
</testsuite> <!-- TestNG_Features.Keyword5 -->
