<?xml version="1.0" encoding="UTF-8"?>
<!-- Generated by org.testng.reporters.JUnitReportReporter -->
<testsuite hostname="DESKTOP-SAPP1UE" failures="0" tests="1" name="TestNG_Annotations.Annotations" time="0.016" errors="0" timestamp="2022-12-04T14:14:39 IST" skipped="0">
  <testcase classname="TestNG_Annotations.Annotations" name="GoogleTitle" time="0.016"/>
  <system-out/>
</testsuite> <!-- TestNG_Annotations.Annotations -->
