<?xml version="1.0" encoding="UTF-8"?>
<!-- Generated by org.testng.reporters.JUnitReportReporter -->
<testsuite hostname="DESKTOP-SAPP1UE" failures="0" tests="1" name="AssignmentNo7.Byjus" time="57.426" errors="0" timestamp="2022-12-27T11:02:48 IST" skipped="0">
  <testcase classname="AssignmentNo7.Byjus" name="LoginTest" time="57.426"/>
  <system-out/>
</testsuite> <!-- AssignmentNo7.Byjus -->
