<?xml version="1.0" encoding="UTF-8"?>
<!-- Generated by org.testng.reporters.JUnitReportReporter -->
<testsuite hostname="DESKTOP-SAPP1UE" failures="0" tests="1" name="TestNG_Features.Keyword6" time="0.003" errors="0" timestamp="2022-12-07T14:16:12 IST" skipped="0">
  <testcase classname="TestNG_Features.Keyword6" name="Test1" time="0.003"/>
  <system-out/>
</testsuite> <!-- TestNG_Features.Keyword6 -->
