<?xml version="1.0" encoding="UTF-8"?>
<!-- Generated by org.testng.reporters.JUnitReportReporter -->
<testsuite hostname="DESKTOP-SAPP1UE" failures="0" tests="2" name="TestNG_Features.Keyword7" time="0.015" errors="0" timestamp="2022-12-07T13:55:41 IST" skipped="0">
  <testcase classname="TestNG_Features.Keyword7" name="OrangeHRMSearch" time="0.013"/>
  <system-out>
    <![CDATA[Running OrangeHRM Search]]>
  </system-out>
  <testcase classname="TestNG_Features.Keyword7" name="OrangeHRMTest" time="0.002"/>
  <system-out>
    <![CDATA[23rd July Batch]]>
  </system-out>
</testsuite> <!-- TestNG_Features.Keyword7 -->
